{
  "stats": {
    "suites": 4,
    "tests": 14,
    "passes": 14,
    "pending": 0,
    "failures": 0,
    "start": "2020-12-04T09:08:51.272Z",
    "end": "2020-12-04T09:08:54.484Z",
    "duration": 3212,
    "testsRegistered": 14,
    "passPercent": 100,
    "pendingPercent": 0,
    "other": 0,
    "hasOther": false,
    "skipped": 0,
    "hasSkipped": false
  },
  "results": [
    {
      "uuid": "a9361ad1-ab94-444b-b1af-de672803a86a",
      "title": "",
      "fullFile": "",
      "file": "",
      "beforeHooks": [],
      "afterHooks": [],
      "tests": [],
      "suites": [
        {
          "uuid": "d31de55e-5c56-4669-a91a-379f8b328cca",
          "title": "Auth",
          "fullFile": "C:\\Course\\2.Express & PostgreSQL setup\\test\\test.js",
          "file": "\\test\\test.js",
          "beforeHooks": [],
          "afterHooks": [],
          "tests": [],
          "suites": [
            {
              "uuid": "9620c87c-a6ca-41df-969f-6a65cefc538f",
              "title": "send OTP",
              "fullFile": "C:\\Course\\2.Express & PostgreSQL setup\\test\\test.js",
              "file": "\\test\\test.js",
              "beforeHooks": [],
              "afterHooks": [],
              "tests": [
                {
                  "title": "Success - 10 digit mobile number as input",
                  "fullTitle": "Auth send OTP Success - 10 digit mobile number as input",
                  "timedOut": false,
                  "duration": 1649,
                  "state": "passed",
                  "speed": "slow",
                  "pass": true,
                  "fail": false,
                  "pending": false,
                  "context": null,
                  "code": "chai\n  .request(Server)\n  .post(\"/auth/sentotp\")\n  .set(\"content-type\", \"application/x-www-form-urlencoded\")\n  .send({ mobile_number: 9597908587 })\n  .end((err, res) => {\n    res.should.have.status(200);\n    done();\n  });",
                  "err": {},
                  "uuid": "d5dfe84d-85ba-46a8-97eb-6e165361b668",
                  "parentUUID": "9620c87c-a6ca-41df-969f-6a65cefc538f",
                  "isHook": false,
                  "skipped": false
                },
                {
                  "title": "Error - less than 10 digit mobile number as input",
                  "fullTitle": "Auth send OTP Error - less than 10 digit mobile number as input",
                  "timedOut": false,
                  "duration": 63,
                  "state": "passed",
                  "speed": "medium",
                  "pass": true,
                  "fail": false,
                  "pending": false,
                  "context": null,
                  "code": "chai\n  .request(Server)\n  .post(\"/auth/sentotp\")\n  .set(\"content-type\", \"application/x-www-form-urlencoded\")\n  .send({ mobile_number: 1 })\n  .end((err, res) => {\n    res.should.have.status(400);\n    done();\n  });",
                  "err": {},
                  "uuid": "ab240eac-0ed9-4e43-aea1-8533ae831f6c",
                  "parentUUID": "9620c87c-a6ca-41df-969f-6a65cefc538f",
                  "isHook": false,
                  "skipped": false
                },
                {
                  "title": "Error - greater than 10 digit mobile number as input",
                  "fullTitle": "Auth send OTP Error - greater than 10 digit mobile number as input",
                  "timedOut": false,
                  "duration": 99,
                  "state": "passed",
                  "speed": "slow",
                  "pass": true,
                  "fail": false,
                  "pending": false,
                  "context": null,
                  "code": "chai\n  .request(Server)\n  .post(\"/auth/sentotp\")\n  .set(\"content-type\", \"application/x-www-form-urlencoded\")\n  .send({ mobile_number: 12345678910 })\n  .end((err, res) => {\n    res.should.have.status(400);\n    done();\n  });",
                  "err": {},
                  "uuid": "8e528ab4-12a2-46fb-831e-cb9965674331",
                  "parentUUID": "9620c87c-a6ca-41df-969f-6a65cefc538f",
                  "isHook": false,
                  "skipped": false
                },
                {
                  "title": "Error - no mobile_number as input",
                  "fullTitle": "Auth send OTP Error - no mobile_number as input",
                  "timedOut": false,
                  "duration": 69,
                  "state": "passed",
                  "speed": "medium",
                  "pass": true,
                  "fail": false,
                  "pending": false,
                  "context": null,
                  "code": "chai\n  .request(Server)\n  .post(\"/auth/sentotp\")\n  .set(\"content-type\", \"application/x-www-form-urlencoded\")\n  .send()\n  .end((err, res) => {\n    res.should.have.status(400);\n    done();\n  });",
                  "err": {},
                  "uuid": "71fe958e-031e-4f98-9224-347a431ad71f",
                  "parentUUID": "9620c87c-a6ca-41df-969f-6a65cefc538f",
                  "isHook": false,
                  "skipped": false
                },
                {
                  "title": "Error - passing alphabets as mobile number",
                  "fullTitle": "Auth send OTP Error - passing alphabets as mobile number",
                  "timedOut": false,
                  "duration": 87,
                  "state": "passed",
                  "speed": "slow",
                  "pass": true,
                  "fail": false,
                  "pending": false,
                  "context": null,
                  "code": "chai\n  .request(Server)\n  .post(\"/auth/sentotp\")\n  .set(\"content-type\", \"application/x-www-form-urlencoded\")\n  .send({ mobile_number: \"abcdefg\" })\n  .end((err, res) => {\n    res.should.have.status(400);\n    done();\n  });",
                  "err": {},
                  "uuid": "82111edd-f561-4a1b-be36-d385e5f7eb8c",
                  "parentUUID": "9620c87c-a6ca-41df-969f-6a65cefc538f",
                  "isHook": false,
                  "skipped": false
                }
              ],
              "suites": [],
              "passes": [
                "d5dfe84d-85ba-46a8-97eb-6e165361b668",
                "ab240eac-0ed9-4e43-aea1-8533ae831f6c",
                "8e528ab4-12a2-46fb-831e-cb9965674331",
                "71fe958e-031e-4f98-9224-347a431ad71f",
                "82111edd-f561-4a1b-be36-d385e5f7eb8c"
              ],
              "failures": [],
              "pending": [],
              "skipped": [],
              "duration": 1967,
              "root": false,
              "rootEmpty": false,
              "_timeout": 2000
            },
            {
              "uuid": "49103daf-57f2-4b6b-abc5-45c3c2efe709",
              "title": "verify OTP",
              "fullFile": "C:\\Course\\2.Express & PostgreSQL setup\\test\\test.js",
              "file": "\\test\\test.js",
              "beforeHooks": [],
              "afterHooks": [],
              "tests": [
                {
                  "title": "Error - 10 digit mobile number as input and a random otp",
                  "fullTitle": "Auth verify OTP Error - 10 digit mobile number as input and a random otp",
                  "timedOut": false,
                  "duration": 92,
                  "state": "passed",
                  "speed": "slow",
                  "pass": true,
                  "fail": false,
                  "pending": false,
                  "context": null,
                  "code": "chai\n  .request(Server)\n  .post(\"/auth/verifyotp\")\n  .set(\"content-type\", \"application/x-www-form-urlencoded\")\n  .send({ mobile_number: 9597908587, otp: 1234 })\n  .end((err, res) => {\n    res.should.have.status(400);\n    done();\n  });",
                  "err": {},
                  "uuid": "24034a99-4cf1-4993-9351-420b21100d41",
                  "parentUUID": "49103daf-57f2-4b6b-abc5-45c3c2efe709",
                  "isHook": false,
                  "skipped": false
                },
                {
                  "title": "Error - less than 10 digit mobile number as input",
                  "fullTitle": "Auth verify OTP Error - less than 10 digit mobile number as input",
                  "timedOut": false,
                  "duration": 85,
                  "state": "passed",
                  "speed": "slow",
                  "pass": true,
                  "fail": false,
                  "pending": false,
                  "context": null,
                  "code": "chai\n  .request(Server)\n  .post(\"/auth/verifyotp\")\n  .set(\"content-type\", \"application/x-www-form-urlencoded\")\n  .send({ mobile_number: 959790858, otp: 1234 })\n  .end((err, res) => {\n    res.should.have.status(400);\n    done();\n  });",
                  "err": {},
                  "uuid": "6669d44f-0a86-4bbb-abca-56c2153bd71f",
                  "parentUUID": "49103daf-57f2-4b6b-abc5-45c3c2efe709",
                  "isHook": false,
                  "skipped": false
                },
                {
                  "title": "Error - greater than 10 digit mobile number as input",
                  "fullTitle": "Auth verify OTP Error - greater than 10 digit mobile number as input",
                  "timedOut": false,
                  "duration": 69,
                  "state": "passed",
                  "speed": "medium",
                  "pass": true,
                  "fail": false,
                  "pending": false,
                  "context": null,
                  "code": "chai\n  .request(Server)\n  .post(\"/auth/verifyotp\")\n  .set(\"content-type\", \"application/x-www-form-urlencoded\")\n  .send({ mobile_number: 95979085879, otp: 1234 })\n  .end((err, res) => {\n    res.should.have.status(400);\n    done();\n  });",
                  "err": {},
                  "uuid": "5e4d8544-bb45-431d-beb4-9574588ae77b",
                  "parentUUID": "49103daf-57f2-4b6b-abc5-45c3c2efe709",
                  "isHook": false,
                  "skipped": false
                },
                {
                  "title": "Error - no mobile_number as input",
                  "fullTitle": "Auth verify OTP Error - no mobile_number as input",
                  "timedOut": false,
                  "duration": 82,
                  "state": "passed",
                  "speed": "slow",
                  "pass": true,
                  "fail": false,
                  "pending": false,
                  "context": null,
                  "code": "chai\n  .request(Server)\n  .post(\"/auth/verifyotp\")\n  .set(\"content-type\", \"application/x-www-form-urlencoded\")\n  .send({ mobile_number: 95979085879, otp: 1234 })\n  .end((err, res) => {\n    res.should.have.status(400);\n    done();\n  });",
                  "err": {},
                  "uuid": "13bbf592-1e85-47e9-8ae8-eafa51c07335",
                  "parentUUID": "49103daf-57f2-4b6b-abc5-45c3c2efe709",
                  "isHook": false,
                  "skipped": false
                },
                {
                  "title": "Error - 10 digit mobile number as input and  without otp",
                  "fullTitle": "Auth verify OTP Error - 10 digit mobile number as input and  without otp",
                  "timedOut": false,
                  "duration": 100,
                  "state": "passed",
                  "speed": "slow",
                  "pass": true,
                  "fail": false,
                  "pending": false,
                  "context": null,
                  "code": "chai\n  .request(Server)\n  .post(\"/auth/verifyotp\")\n  .set(\"content-type\", \"application/x-www-form-urlencoded\")\n  .send({ mobile_number: 95979085879 })\n  .end((err, res) => {\n    res.should.have.status(400);\n    done();\n  });",
                  "err": {},
                  "uuid": "45127cdf-88da-42ea-b41e-e1c0cf6864db",
                  "parentUUID": "49103daf-57f2-4b6b-abc5-45c3c2efe709",
                  "isHook": false,
                  "skipped": false
                },
                {
                  "title": "Error - 10 digit mobile number as input and  3 digit otp",
                  "fullTitle": "Auth verify OTP Error - 10 digit mobile number as input and  3 digit otp",
                  "timedOut": false,
                  "duration": 86,
                  "state": "passed",
                  "speed": "slow",
                  "pass": true,
                  "fail": false,
                  "pending": false,
                  "context": null,
                  "code": "chai\n  .request(Server)\n  .post(\"/auth/verifyotp\")\n  .set(\"content-type\", \"application/x-www-form-urlencoded\")\n  .send({ mobile_number: 95979085879, otp: 123 })\n  .end((err, res) => {\n    res.should.have.status(400);\n    done();\n  });",
                  "err": {},
                  "uuid": "dbed4072-a8b9-41b5-b8ba-fc45a66a0f02",
                  "parentUUID": "49103daf-57f2-4b6b-abc5-45c3c2efe709",
                  "isHook": false,
                  "skipped": false
                },
                {
                  "title": "Error - 10 digit mobile number as input and  5 digit otp",
                  "fullTitle": "Auth verify OTP Error - 10 digit mobile number as input and  5 digit otp",
                  "timedOut": false,
                  "duration": 69,
                  "state": "passed",
                  "speed": "medium",
                  "pass": true,
                  "fail": false,
                  "pending": false,
                  "context": null,
                  "code": "chai\n  .request(Server)\n  .post(\"/auth/verifyotp\")\n  .set(\"content-type\", \"application/x-www-form-urlencoded\")\n  .send({ mobile_number: 95979085879, otp: 12345 })\n  .end((err, res) => {\n    res.should.have.status(400);\n    done();\n  });",
                  "err": {},
                  "uuid": "a7c9126b-390c-4742-98ee-4d1c0145599c",
                  "parentUUID": "49103daf-57f2-4b6b-abc5-45c3c2efe709",
                  "isHook": false,
                  "skipped": false
                }
              ],
              "suites": [],
              "passes": [
                "24034a99-4cf1-4993-9351-420b21100d41",
                "6669d44f-0a86-4bbb-abca-56c2153bd71f",
                "5e4d8544-bb45-431d-beb4-9574588ae77b",
                "13bbf592-1e85-47e9-8ae8-eafa51c07335",
                "45127cdf-88da-42ea-b41e-e1c0cf6864db",
                "dbed4072-a8b9-41b5-b8ba-fc45a66a0f02",
                "a7c9126b-390c-4742-98ee-4d1c0145599c"
              ],
              "failures": [],
              "pending": [],
              "skipped": [],
              "duration": 583,
              "root": false,
              "rootEmpty": false,
              "_timeout": 2000
            },
            {
              "uuid": "f654c0c4-895c-4560-bc9e-72964f972a68",
              "title": "Refresh Token",
              "fullFile": "C:\\Course\\2.Express & PostgreSQL setup\\test\\test.js",
              "file": "\\test\\test.js",
              "beforeHooks": [],
              "afterHooks": [],
              "tests": [
                {
                  "title": "Error - Without refreshtoken",
                  "fullTitle": "Auth Refresh Token Error - Without refreshtoken",
                  "timedOut": false,
                  "duration": 60,
                  "state": "passed",
                  "speed": "medium",
                  "pass": true,
                  "fail": false,
                  "pending": false,
                  "context": null,
                  "code": "chai\n  .request(Server)\n  .post(\"/auth/refreshtoken\")\n  .set(\"content-type\", \"application/x-www-form-urlencoded\")\n  .end((err, res) => {\n    res.should.have.status(400);\n    done();\n  });",
                  "err": {},
                  "uuid": "1e2dcca2-edb6-4e6c-96db-2b0dcaa92b34",
                  "parentUUID": "f654c0c4-895c-4560-bc9e-72964f972a68",
                  "isHook": false,
                  "skipped": false
                },
                {
                  "title": "Error - Invalid refreshtoken",
                  "fullTitle": "Auth Refresh Token Error - Invalid refreshtoken",
                  "timedOut": false,
                  "duration": 88,
                  "state": "passed",
                  "speed": "slow",
                  "pass": true,
                  "fail": false,
                  "pending": false,
                  "context": null,
                  "code": "chai\n  .request(Server)\n  .post(\"/auth/refreshtoken\")\n  .set(\"content-type\", \"application/x-www-form-urlencoded\")\n  .send({ refresh_token: \"refreshtoken \" })\n  .end((err, res) => {\n    res.should.have.status(403);\n    done();\n  });",
                  "err": {},
                  "uuid": "0743f200-59e0-4b2f-adfa-cde2c905b067",
                  "parentUUID": "f654c0c4-895c-4560-bc9e-72964f972a68",
                  "isHook": false,
                  "skipped": false
                }
              ],
              "suites": [],
              "passes": [
                "1e2dcca2-edb6-4e6c-96db-2b0dcaa92b34",
                "0743f200-59e0-4b2f-adfa-cde2c905b067"
              ],
              "failures": [],
              "pending": [],
              "skipped": [],
              "duration": 148,
              "root": false,
              "rootEmpty": false,
              "_timeout": 2000
            }
          ],
          "passes": [],
          "failures": [],
          "pending": [],
          "skipped": [],
          "duration": 0,
          "root": false,
          "rootEmpty": false,
          "_timeout": 2000
        }
      ],
      "passes": [],
      "failures": [],
      "pending": [],
      "skipped": [],
      "duration": 0,
      "root": true,
      "rootEmpty": true,
      "_timeout": 2000
    }
  ],
  "meta": {
    "mocha": {
      "version": "8.2.1"
    },
    "mochawesome": {
      "options": {
        "quiet": false,
        "reportFilename": "mochawesome",
        "saveHtml": true,
        "saveJson": true,
        "consoleReporter": "spec",
        "useInlineDiffs": false,
        "code": true
      },
      "version": "6.2.1"
    },
    "marge": {
      "options": null,
      "version": "5.1.0"
    }
  }
}