{
  "stats": {
    "suites": 4,
    "tests": 14,
    "passes": 13,
    "pending": 0,
    "failures": 1,
    "start": "2020-12-05T11:27:10.147Z",
    "end": "2020-12-05T11:27:14.855Z",
    "duration": 4708,
    "testsRegistered": 14,
    "passPercent": 92.85714285714286,
    "pendingPercent": 0,
    "other": 0,
    "hasOther": false,
    "skipped": 0,
    "hasSkipped": false
  },
  "results": [
    {
      "uuid": "7a766ae6-155d-45cf-b78c-47508d13b7dd",
      "title": "",
      "fullFile": "",
      "file": "",
      "beforeHooks": [],
      "afterHooks": [],
      "tests": [],
      "suites": [
        {
          "uuid": "31ad810a-820e-4805-ae64-5f3217a41688",
          "title": "Auth",
          "fullFile": "C:\\Course\\2.Express & PostgreSQL setup\\test\\test.js",
          "file": "\\test\\test.js",
          "beforeHooks": [],
          "afterHooks": [],
          "tests": [],
          "suites": [
            {
              "uuid": "e781279a-4630-4e40-ad5b-1c89ce92f646",
              "title": "send OTP",
              "fullFile": "C:\\Course\\2.Express & PostgreSQL setup\\test\\test.js",
              "file": "\\test\\test.js",
              "beforeHooks": [],
              "afterHooks": [],
              "tests": [
                {
                  "title": "Success - 10 digit mobile number as input",
                  "fullTitle": "Auth send OTP Success - 10 digit mobile number as input",
                  "timedOut": true,
                  "duration": 2002,
                  "state": "failed",
                  "speed": null,
                  "pass": false,
                  "fail": true,
                  "pending": false,
                  "context": null,
                  "code": "chai\n  .request(Server)\n  .post(\"/auth/sentotp\")\n  .set(\"content-type\", \"application/x-www-form-urlencoded\")\n  .send({ mobile_number: 9597908587 })\n  .end((err, res) => {\n    res.should.have.status(200);\n    done();\n  });",
                  "err": {
                    "message": "Error: Timeout of 2000ms exceeded. For async tests and hooks, ensure \"done()\" is called; if returning a Promise, ensure it resolves. (C:\\Course\\2.Express & PostgreSQL setup\\test\\test.js)",
                    "estack": "Error: Timeout of 2000ms exceeded. For async tests and hooks, ensure \"done()\" is called; if returning a Promise, ensure it resolves. (C:\\Course\\2.Express & PostgreSQL setup\\test\\test.js)\n    at listOnTimeout (internal/timers.js:554:17)\n    at processTimers (internal/timers.js:497:7)",
                    "diff": null
                  },
                  "uuid": "0d9d8067-5ee8-4445-a35f-351e5fad0b08",
                  "parentUUID": "e781279a-4630-4e40-ad5b-1c89ce92f646",
                  "isHook": false,
                  "skipped": false
                },
                {
                  "title": "Error - less than 10 digit mobile number as input",
                  "fullTitle": "Auth send OTP Error - less than 10 digit mobile number as input",
                  "timedOut": false,
                  "duration": 58,
                  "state": "passed",
                  "speed": "medium",
                  "pass": true,
                  "fail": false,
                  "pending": false,
                  "context": null,
                  "code": "chai\n  .request(Server)\n  .post(\"/auth/sentotp\")\n  .set(\"content-type\", \"application/x-www-form-urlencoded\")\n  .send({ mobile_number: 1 })\n  .end((err, res) => {\n    res.should.have.status(400);\n    done();\n  });",
                  "err": {},
                  "uuid": "26668463-03e7-42df-8e20-e21a36e4a8c1",
                  "parentUUID": "e781279a-4630-4e40-ad5b-1c89ce92f646",
                  "isHook": false,
                  "skipped": false
                },
                {
                  "title": "Error - greater than 10 digit mobile number as input",
                  "fullTitle": "Auth send OTP Error - greater than 10 digit mobile number as input",
                  "timedOut": false,
                  "duration": 63,
                  "state": "passed",
                  "speed": "medium",
                  "pass": true,
                  "fail": false,
                  "pending": false,
                  "context": null,
                  "code": "chai\n  .request(Server)\n  .post(\"/auth/sentotp\")\n  .set(\"content-type\", \"application/x-www-form-urlencoded\")\n  .send({ mobile_number: 12345678910 })\n  .end((err, res) => {\n    res.should.have.status(400);\n    done();\n  });",
                  "err": {},
                  "uuid": "a3f08a7a-cc1a-4a65-93b4-2be1cc08206b",
                  "parentUUID": "e781279a-4630-4e40-ad5b-1c89ce92f646",
                  "isHook": false,
                  "skipped": false
                },
                {
                  "title": "Error - no mobile_number as input",
                  "fullTitle": "Auth send OTP Error - no mobile_number as input",
                  "timedOut": false,
                  "duration": 77,
                  "state": "passed",
                  "speed": "slow",
                  "pass": true,
                  "fail": false,
                  "pending": false,
                  "context": null,
                  "code": "chai\n  .request(Server)\n  .post(\"/auth/sentotp\")\n  .set(\"content-type\", \"application/x-www-form-urlencoded\")\n  .send()\n  .end((err, res) => {\n    res.should.have.status(400);\n    done();\n  });",
                  "err": {},
                  "uuid": "d9a60333-4a51-4a98-b5a6-19d0eef53b9c",
                  "parentUUID": "e781279a-4630-4e40-ad5b-1c89ce92f646",
                  "isHook": false,
                  "skipped": false
                },
                {
                  "title": "Error - passing alphabets as mobile number",
                  "fullTitle": "Auth send OTP Error - passing alphabets as mobile number",
                  "timedOut": false,
                  "duration": 67,
                  "state": "passed",
                  "speed": "medium",
                  "pass": true,
                  "fail": false,
                  "pending": false,
                  "context": null,
                  "code": "chai\n  .request(Server)\n  .post(\"/auth/sentotp\")\n  .set(\"content-type\", \"application/x-www-form-urlencoded\")\n  .send({ mobile_number: \"abcdefg\" })\n  .end((err, res) => {\n    res.should.have.status(400);\n    done();\n  });",
                  "err": {},
                  "uuid": "ae40d491-c87e-44eb-b49e-bbef2cde7917",
                  "parentUUID": "e781279a-4630-4e40-ad5b-1c89ce92f646",
                  "isHook": false,
                  "skipped": false
                }
              ],
              "suites": [],
              "passes": [
                "26668463-03e7-42df-8e20-e21a36e4a8c1",
                "a3f08a7a-cc1a-4a65-93b4-2be1cc08206b",
                "d9a60333-4a51-4a98-b5a6-19d0eef53b9c",
                "ae40d491-c87e-44eb-b49e-bbef2cde7917"
              ],
              "failures": [
                "0d9d8067-5ee8-4445-a35f-351e5fad0b08"
              ],
              "pending": [],
              "skipped": [],
              "duration": 2267,
              "root": false,
              "rootEmpty": false,
              "_timeout": 2000
            },
            {
              "uuid": "212b17eb-e599-45de-b449-8b1e3b9b8236",
              "title": "verify OTP",
              "fullFile": "C:\\Course\\2.Express & PostgreSQL setup\\test\\test.js",
              "file": "\\test\\test.js",
              "beforeHooks": [],
              "afterHooks": [],
              "tests": [
                {
                  "title": "Error - 10 digit mobile number as input and a random otp",
                  "fullTitle": "Auth verify OTP Error - 10 digit mobile number as input and a random otp",
                  "timedOut": false,
                  "duration": 1613,
                  "state": "passed",
                  "speed": "slow",
                  "pass": true,
                  "fail": false,
                  "pending": false,
                  "context": null,
                  "code": "chai\n  .request(Server)\n  .post(\"/auth/verifyotp\")\n  .set(\"content-type\", \"application/x-www-form-urlencoded\")\n  .send({ mobile_number: 9597908587, otp: 1234 })\n  .end((err, res) => {\n    res.should.have.status(400);\n    done();\n  });",
                  "err": {},
                  "uuid": "ffe3c4b6-a00f-42fd-9a1a-887ec2490125",
                  "parentUUID": "212b17eb-e599-45de-b449-8b1e3b9b8236",
                  "isHook": false,
                  "skipped": false
                },
                {
                  "title": "Error - less than 10 digit mobile number as input",
                  "fullTitle": "Auth verify OTP Error - less than 10 digit mobile number as input",
                  "timedOut": false,
                  "duration": 43,
                  "state": "passed",
                  "speed": "medium",
                  "pass": true,
                  "fail": false,
                  "pending": false,
                  "context": null,
                  "code": "chai\n  .request(Server)\n  .post(\"/auth/verifyotp\")\n  .set(\"content-type\", \"application/x-www-form-urlencoded\")\n  .send({ mobile_number: 959790858, otp: 1234 })\n  .end((err, res) => {\n    res.should.have.status(400);\n    done();\n  });",
                  "err": {},
                  "uuid": "bdd7d537-f75b-4e59-bb33-48fb0b79f1d6",
                  "parentUUID": "212b17eb-e599-45de-b449-8b1e3b9b8236",
                  "isHook": false,
                  "skipped": false
                },
                {
                  "title": "Error - greater than 10 digit mobile number as input",
                  "fullTitle": "Auth verify OTP Error - greater than 10 digit mobile number as input",
                  "timedOut": false,
                  "duration": 68,
                  "state": "passed",
                  "speed": "medium",
                  "pass": true,
                  "fail": false,
                  "pending": false,
                  "context": null,
                  "code": "chai\n  .request(Server)\n  .post(\"/auth/verifyotp\")\n  .set(\"content-type\", \"application/x-www-form-urlencoded\")\n  .send({ mobile_number: 95979085879, otp: 1234 })\n  .end((err, res) => {\n    res.should.have.status(400);\n    done();\n  });",
                  "err": {},
                  "uuid": "e2ccbe8f-1b0a-474b-959f-8207a9c26bb6",
                  "parentUUID": "212b17eb-e599-45de-b449-8b1e3b9b8236",
                  "isHook": false,
                  "skipped": false
                },
                {
                  "title": "Error - no mobile_number as input",
                  "fullTitle": "Auth verify OTP Error - no mobile_number as input",
                  "timedOut": false,
                  "duration": 63,
                  "state": "passed",
                  "speed": "medium",
                  "pass": true,
                  "fail": false,
                  "pending": false,
                  "context": null,
                  "code": "chai\n  .request(Server)\n  .post(\"/auth/verifyotp\")\n  .set(\"content-type\", \"application/x-www-form-urlencoded\")\n  .send({ mobile_number: 95979085879, otp: 1234 })\n  .end((err, res) => {\n    res.should.have.status(400);\n    done();\n  });",
                  "err": {},
                  "uuid": "200ca7b9-35e1-41ac-b6d6-c9b47d2a441e",
                  "parentUUID": "212b17eb-e599-45de-b449-8b1e3b9b8236",
                  "isHook": false,
                  "skipped": false
                },
                {
                  "title": "Error - 10 digit mobile number as input and  without otp",
                  "fullTitle": "Auth verify OTP Error - 10 digit mobile number as input and  without otp",
                  "timedOut": false,
                  "duration": 63,
                  "state": "passed",
                  "speed": "medium",
                  "pass": true,
                  "fail": false,
                  "pending": false,
                  "context": null,
                  "code": "chai\n  .request(Server)\n  .post(\"/auth/verifyotp\")\n  .set(\"content-type\", \"application/x-www-form-urlencoded\")\n  .send({ mobile_number: 95979085879 })\n  .end((err, res) => {\n    res.should.have.status(400);\n    done();\n  });",
                  "err": {},
                  "uuid": "16c2ae37-9f51-452c-94c6-9254b967bef8",
                  "parentUUID": "212b17eb-e599-45de-b449-8b1e3b9b8236",
                  "isHook": false,
                  "skipped": false
                },
                {
                  "title": "Error - 10 digit mobile number as input and  3 digit otp",
                  "fullTitle": "Auth verify OTP Error - 10 digit mobile number as input and  3 digit otp",
                  "timedOut": false,
                  "duration": 55,
                  "state": "passed",
                  "speed": "medium",
                  "pass": true,
                  "fail": false,
                  "pending": false,
                  "context": null,
                  "code": "chai\n  .request(Server)\n  .post(\"/auth/verifyotp\")\n  .set(\"content-type\", \"application/x-www-form-urlencoded\")\n  .send({ mobile_number: 95979085879, otp: 123 })\n  .end((err, res) => {\n    res.should.have.status(400);\n    done();\n  });",
                  "err": {},
                  "uuid": "cb17de7e-85e8-428d-a85a-fc8b70a32969",
                  "parentUUID": "212b17eb-e599-45de-b449-8b1e3b9b8236",
                  "isHook": false,
                  "skipped": false
                },
                {
                  "title": "Error - 10 digit mobile number as input and  5 digit otp",
                  "fullTitle": "Auth verify OTP Error - 10 digit mobile number as input and  5 digit otp",
                  "timedOut": false,
                  "duration": 94,
                  "state": "passed",
                  "speed": "slow",
                  "pass": true,
                  "fail": false,
                  "pending": false,
                  "context": null,
                  "code": "chai\n  .request(Server)\n  .post(\"/auth/verifyotp\")\n  .set(\"content-type\", \"application/x-www-form-urlencoded\")\n  .send({ mobile_number: 95979085879, otp: 12345 })\n  .end((err, res) => {\n    res.should.have.status(400);\n    done();\n  });",
                  "err": {},
                  "uuid": "ffe86046-14f7-4756-9679-5b3f93b8d3ee",
                  "parentUUID": "212b17eb-e599-45de-b449-8b1e3b9b8236",
                  "isHook": false,
                  "skipped": false
                }
              ],
              "suites": [],
              "passes": [
                "ffe3c4b6-a00f-42fd-9a1a-887ec2490125",
                "bdd7d537-f75b-4e59-bb33-48fb0b79f1d6",
                "e2ccbe8f-1b0a-474b-959f-8207a9c26bb6",
                "200ca7b9-35e1-41ac-b6d6-c9b47d2a441e",
                "16c2ae37-9f51-452c-94c6-9254b967bef8",
                "cb17de7e-85e8-428d-a85a-fc8b70a32969",
                "ffe86046-14f7-4756-9679-5b3f93b8d3ee"
              ],
              "failures": [],
              "pending": [],
              "skipped": [],
              "duration": 1999,
              "root": false,
              "rootEmpty": false,
              "_timeout": 2000
            },
            {
              "uuid": "5255428d-9038-4e97-bcd2-e0b440b505fe",
              "title": "Refresh Token",
              "fullFile": "C:\\Course\\2.Express & PostgreSQL setup\\test\\test.js",
              "file": "\\test\\test.js",
              "beforeHooks": [],
              "afterHooks": [],
              "tests": [
                {
                  "title": "Error - Without refreshtoken",
                  "fullTitle": "Auth Refresh Token Error - Without refreshtoken",
                  "timedOut": false,
                  "duration": 58,
                  "state": "passed",
                  "speed": "medium",
                  "pass": true,
                  "fail": false,
                  "pending": false,
                  "context": null,
                  "code": "chai\n  .request(Server)\n  .post(\"/auth/refreshtoken\")\n  .set(\"content-type\", \"application/x-www-form-urlencoded\")\n  .end((err, res) => {\n    res.should.have.status(400);\n    done();\n  });",
                  "err": {},
                  "uuid": "5b131dca-8fd8-4285-8a59-a8d3f36b208a",
                  "parentUUID": "5255428d-9038-4e97-bcd2-e0b440b505fe",
                  "isHook": false,
                  "skipped": false
                },
                {
                  "title": "Error - Invalid refreshtoken",
                  "fullTitle": "Auth Refresh Token Error - Invalid refreshtoken",
                  "timedOut": false,
                  "duration": 312,
                  "state": "passed",
                  "speed": "slow",
                  "pass": true,
                  "fail": false,
                  "pending": false,
                  "context": null,
                  "code": "chai\n  .request(Server)\n  .post(\"/auth/refreshtoken\")\n  .set(\"content-type\", \"application/x-www-form-urlencoded\")\n  .send({ refresh_token: \"refreshtoken \" })\n  .end((err, res) => {\n    res.should.have.status(403);\n    done();\n  });",
                  "err": {},
                  "uuid": "ecbb96d2-5702-474b-9ec7-f6ac03a87573",
                  "parentUUID": "5255428d-9038-4e97-bcd2-e0b440b505fe",
                  "isHook": false,
                  "skipped": false
                }
              ],
              "suites": [],
              "passes": [
                "5b131dca-8fd8-4285-8a59-a8d3f36b208a",
                "ecbb96d2-5702-474b-9ec7-f6ac03a87573"
              ],
              "failures": [],
              "pending": [],
              "skipped": [],
              "duration": 370,
              "root": false,
              "rootEmpty": false,
              "_timeout": 2000
            }
          ],
          "passes": [],
          "failures": [],
          "pending": [],
          "skipped": [],
          "duration": 0,
          "root": false,
          "rootEmpty": false,
          "_timeout": 2000
        }
      ],
      "passes": [],
      "failures": [],
      "pending": [],
      "skipped": [],
      "duration": 0,
      "root": true,
      "rootEmpty": true,
      "_timeout": 2000
    }
  ],
  "meta": {
    "mocha": {
      "version": "8.2.1"
    },
    "mochawesome": {
      "options": {
        "quiet": false,
        "reportFilename": "mochawesome",
        "saveHtml": true,
        "saveJson": true,
        "consoleReporter": "spec",
        "useInlineDiffs": false,
        "code": true
      },
      "version": "6.2.1"
    },
    "marge": {
      "options": null,
      "version": "5.1.0"
    }
  }
}