{
  "stats": {
    "suites": 11,
    "tests": 28,
    "passes": 28,
    "pending": 0,
    "failures": 0,
    "start": "2020-12-13T14:31:21.970Z",
    "end": "2020-12-13T14:31:32.177Z",
    "duration": 10207,
    "testsRegistered": 28,
    "passPercent": 100,
    "pendingPercent": 0,
    "other": 0,
    "hasOther": false,
    "skipped": 0,
    "hasSkipped": false
  },
  "results": [
    {
      "uuid": "f0b77e11-ffb4-405d-955f-98606382dd5e",
      "title": "",
      "fullFile": "",
      "file": "",
      "beforeHooks": [],
      "afterHooks": [],
      "tests": [],
      "suites": [
        {
          "uuid": "c50e8550-7dc4-4126-b4ef-53f6daac95f3",
          "title": "Auth",
          "fullFile": "C:\\Course\\2.Express & PostgreSQL setup\\test\\test.js",
          "file": "\\test\\test.js",
          "beforeHooks": [],
          "afterHooks": [],
          "tests": [],
          "suites": [
            {
              "uuid": "14132382-f029-4091-a002-12c6083d7bed",
              "title": "send OTP",
              "fullFile": "C:\\Course\\2.Express & PostgreSQL setup\\test\\test.js",
              "file": "\\test\\test.js",
              "beforeHooks": [],
              "afterHooks": [],
              "tests": [
                {
                  "title": "Error - less than 10 digit mobile number as input",
                  "fullTitle": "Auth send OTP Error - less than 10 digit mobile number as input",
                  "timedOut": false,
                  "duration": 152,
                  "state": "passed",
                  "speed": "slow",
                  "pass": true,
                  "fail": false,
                  "pending": false,
                  "context": null,
                  "code": "chai\n  .request(Server)\n  .post(\"/auth/sentotp\")\n  .set(\"content-type\", \"application/x-www-form-urlencoded\")\n  .send({ mobile_number: 1 })\n  .end((err, res) => {\n    res.should.have.status(400);\n    done();\n  });",
                  "err": {},
                  "uuid": "553aa951-1704-4a3a-8a00-125b55851db4",
                  "parentUUID": "14132382-f029-4091-a002-12c6083d7bed",
                  "isHook": false,
                  "skipped": false
                },
                {
                  "title": "Error - greater than 10 digit mobile number as input",
                  "fullTitle": "Auth send OTP Error - greater than 10 digit mobile number as input",
                  "timedOut": false,
                  "duration": 43,
                  "state": "passed",
                  "speed": "medium",
                  "pass": true,
                  "fail": false,
                  "pending": false,
                  "context": null,
                  "code": "chai\n  .request(Server)\n  .post(\"/auth/sentotp\")\n  .set(\"content-type\", \"application/x-www-form-urlencoded\")\n  .send({ mobile_number: 12345678910 })\n  .end((err, res) => {\n    res.should.have.status(400);\n    done();\n  });",
                  "err": {},
                  "uuid": "7e4e0e72-ced7-4943-9099-7e1fe73485d3",
                  "parentUUID": "14132382-f029-4091-a002-12c6083d7bed",
                  "isHook": false,
                  "skipped": false
                },
                {
                  "title": "Error - no mobile_number as input",
                  "fullTitle": "Auth send OTP Error - no mobile_number as input",
                  "timedOut": false,
                  "duration": 47,
                  "state": "passed",
                  "speed": "medium",
                  "pass": true,
                  "fail": false,
                  "pending": false,
                  "context": null,
                  "code": "chai\n  .request(Server)\n  .post(\"/auth/sentotp\")\n  .set(\"content-type\", \"application/x-www-form-urlencoded\")\n  .send()\n  .end((err, res) => {\n    res.should.have.status(400);\n    done();\n  });",
                  "err": {},
                  "uuid": "87ecf92e-2974-4f80-84af-95ea3d4aaee6",
                  "parentUUID": "14132382-f029-4091-a002-12c6083d7bed",
                  "isHook": false,
                  "skipped": false
                },
                {
                  "title": "Error - passing alphabets as mobile number",
                  "fullTitle": "Auth send OTP Error - passing alphabets as mobile number",
                  "timedOut": false,
                  "duration": 61,
                  "state": "passed",
                  "speed": "medium",
                  "pass": true,
                  "fail": false,
                  "pending": false,
                  "context": null,
                  "code": "chai\n  .request(Server)\n  .post(\"/auth/sentotp\")\n  .set(\"content-type\", \"application/x-www-form-urlencoded\")\n  .send({ mobile_number: \"abcdefg\" })\n  .end((err, res) => {\n    res.should.have.status(400);\n    done();\n  });",
                  "err": {},
                  "uuid": "2eaa8e2b-99fc-4111-b548-eef6219502da",
                  "parentUUID": "14132382-f029-4091-a002-12c6083d7bed",
                  "isHook": false,
                  "skipped": false
                },
                {
                  "title": "Success - 10 digit mobile number as input",
                  "fullTitle": "Auth send OTP Success - 10 digit mobile number as input",
                  "timedOut": false,
                  "duration": 4215,
                  "state": "passed",
                  "speed": "slow",
                  "pass": true,
                  "fail": false,
                  "pending": false,
                  "context": null,
                  "code": "chai\n  .request(Server)\n  .post(\"/auth/sentotp\")\n  .set(\"content-type\", \"application/x-www-form-urlencoded\")\n  .send({ mobile_number: 9590858700 })\n  .end((err, res) => {\n    _af8‍.g.console.log(res.data);\n    res.should.have.status(200);\n    done();\n  });",
                  "err": {},
                  "uuid": "009624e3-1842-48d4-9b08-d4c9a33cb2fa",
                  "parentUUID": "14132382-f029-4091-a002-12c6083d7bed",
                  "isHook": false,
                  "skipped": false
                }
              ],
              "suites": [],
              "passes": [
                "553aa951-1704-4a3a-8a00-125b55851db4",
                "7e4e0e72-ced7-4943-9099-7e1fe73485d3",
                "87ecf92e-2974-4f80-84af-95ea3d4aaee6",
                "2eaa8e2b-99fc-4111-b548-eef6219502da",
                "009624e3-1842-48d4-9b08-d4c9a33cb2fa"
              ],
              "failures": [],
              "pending": [],
              "skipped": [],
              "duration": 4518,
              "root": false,
              "rootEmpty": false,
              "_timeout": 2000
            },
            {
              "uuid": "2f46c818-45a1-4741-a6c2-e86617fbe851",
              "title": "verify OTP",
              "fullFile": "C:\\Course\\2.Express & PostgreSQL setup\\test\\test.js",
              "file": "\\test\\test.js",
              "beforeHooks": [],
              "afterHooks": [],
              "tests": [
                {
                  "title": "Error - 10 digit mobile number as input and a random otp",
                  "fullTitle": "Auth verify OTP Error - 10 digit mobile number as input and a random otp",
                  "timedOut": false,
                  "duration": 321,
                  "state": "passed",
                  "speed": "slow",
                  "pass": true,
                  "fail": false,
                  "pending": false,
                  "context": null,
                  "code": "chai\n  .request(Server)\n  .post(\"/auth/verifyotp\")\n  .set(\"content-type\", \"application/x-www-form-urlencoded\")\n  .send({ mobile_number: 9597908587, otp: 1234 })\n  .end((err, res) => {\n    res.should.have.status(400);\n    done();\n  });",
                  "err": {},
                  "uuid": "ff332788-ca0e-4492-942c-df9a8949ff45",
                  "parentUUID": "2f46c818-45a1-4741-a6c2-e86617fbe851",
                  "isHook": false,
                  "skipped": false
                },
                {
                  "title": "Error - less than 10 digit mobile number as input",
                  "fullTitle": "Auth verify OTP Error - less than 10 digit mobile number as input",
                  "timedOut": false,
                  "duration": 37,
                  "state": "passed",
                  "speed": "fast",
                  "pass": true,
                  "fail": false,
                  "pending": false,
                  "context": null,
                  "code": "chai\n  .request(Server)\n  .post(\"/auth/verifyotp\")\n  .set(\"content-type\", \"application/x-www-form-urlencoded\")\n  .send({ mobile_number: 959790858, otp: 1234 })\n  .end((err, res) => {\n    res.should.have.status(400);\n    done();\n  });",
                  "err": {},
                  "uuid": "4af78af4-6838-4078-8e7a-8298a8aaef96",
                  "parentUUID": "2f46c818-45a1-4741-a6c2-e86617fbe851",
                  "isHook": false,
                  "skipped": false
                },
                {
                  "title": "Error - greater than 10 digit mobile number as input",
                  "fullTitle": "Auth verify OTP Error - greater than 10 digit mobile number as input",
                  "timedOut": false,
                  "duration": 50,
                  "state": "passed",
                  "speed": "medium",
                  "pass": true,
                  "fail": false,
                  "pending": false,
                  "context": null,
                  "code": "chai\n  .request(Server)\n  .post(\"/auth/verifyotp\")\n  .set(\"content-type\", \"application/x-www-form-urlencoded\")\n  .send({ mobile_number: 95979085879, otp: 1234 })\n  .end((err, res) => {\n    res.should.have.status(400);\n    done();\n  });",
                  "err": {},
                  "uuid": "df64d1fe-d481-4743-930e-c92476fe710f",
                  "parentUUID": "2f46c818-45a1-4741-a6c2-e86617fbe851",
                  "isHook": false,
                  "skipped": false
                },
                {
                  "title": "Error - no mobile_number as input",
                  "fullTitle": "Auth verify OTP Error - no mobile_number as input",
                  "timedOut": false,
                  "duration": 50,
                  "state": "passed",
                  "speed": "medium",
                  "pass": true,
                  "fail": false,
                  "pending": false,
                  "context": null,
                  "code": "chai\n  .request(Server)\n  .post(\"/auth/verifyotp\")\n  .set(\"content-type\", \"application/x-www-form-urlencoded\")\n  .send({ mobile_number: 95979085879, otp: 1234 })\n  .end((err, res) => {\n    res.should.have.status(400);\n    done();\n  });",
                  "err": {},
                  "uuid": "7ebaaa2c-892a-4660-870b-fa72f86493f6",
                  "parentUUID": "2f46c818-45a1-4741-a6c2-e86617fbe851",
                  "isHook": false,
                  "skipped": false
                },
                {
                  "title": "Error - 10 digit mobile number as input and  without otp",
                  "fullTitle": "Auth verify OTP Error - 10 digit mobile number as input and  without otp",
                  "timedOut": false,
                  "duration": 61,
                  "state": "passed",
                  "speed": "medium",
                  "pass": true,
                  "fail": false,
                  "pending": false,
                  "context": null,
                  "code": "chai\n  .request(Server)\n  .post(\"/auth/verifyotp\")\n  .set(\"content-type\", \"application/x-www-form-urlencoded\")\n  .send({ mobile_number: 95979085879 })\n  .end((err, res) => {\n    res.should.have.status(400);\n    done();\n  });",
                  "err": {},
                  "uuid": "3d2f58fb-8975-46b1-9e2a-f74f42b505e0",
                  "parentUUID": "2f46c818-45a1-4741-a6c2-e86617fbe851",
                  "isHook": false,
                  "skipped": false
                },
                {
                  "title": "Error - 10 digit mobile number as input and  3 digit otp",
                  "fullTitle": "Auth verify OTP Error - 10 digit mobile number as input and  3 digit otp",
                  "timedOut": false,
                  "duration": 36,
                  "state": "passed",
                  "speed": "fast",
                  "pass": true,
                  "fail": false,
                  "pending": false,
                  "context": null,
                  "code": "chai\n  .request(Server)\n  .post(\"/auth/verifyotp\")\n  .set(\"content-type\", \"application/x-www-form-urlencoded\")\n  .send({ mobile_number: 95979085879, otp: 123 })\n  .end((err, res) => {\n    res.should.have.status(400);\n    done();\n  });",
                  "err": {},
                  "uuid": "4bd73ec1-daf1-438a-989c-8044b315ffb9",
                  "parentUUID": "2f46c818-45a1-4741-a6c2-e86617fbe851",
                  "isHook": false,
                  "skipped": false
                },
                {
                  "title": "Error - 10 digit mobile number as input and  5 digit otp",
                  "fullTitle": "Auth verify OTP Error - 10 digit mobile number as input and  5 digit otp",
                  "timedOut": false,
                  "duration": 65,
                  "state": "passed",
                  "speed": "medium",
                  "pass": true,
                  "fail": false,
                  "pending": false,
                  "context": null,
                  "code": "chai\n  .request(Server)\n  .post(\"/auth/verifyotp\")\n  .set(\"content-type\", \"application/x-www-form-urlencoded\")\n  .send({ mobile_number: 95979085879, otp: 12345 })\n  .end((err, res) => {\n    res.should.have.status(400);\n    done();\n  });",
                  "err": {},
                  "uuid": "4d810c40-0ab3-44ef-a86f-d6f81b57ecd3",
                  "parentUUID": "2f46c818-45a1-4741-a6c2-e86617fbe851",
                  "isHook": false,
                  "skipped": false
                }
              ],
              "suites": [],
              "passes": [
                "ff332788-ca0e-4492-942c-df9a8949ff45",
                "4af78af4-6838-4078-8e7a-8298a8aaef96",
                "df64d1fe-d481-4743-930e-c92476fe710f",
                "7ebaaa2c-892a-4660-870b-fa72f86493f6",
                "3d2f58fb-8975-46b1-9e2a-f74f42b505e0",
                "4bd73ec1-daf1-438a-989c-8044b315ffb9",
                "4d810c40-0ab3-44ef-a86f-d6f81b57ecd3"
              ],
              "failures": [],
              "pending": [],
              "skipped": [],
              "duration": 620,
              "root": false,
              "rootEmpty": false,
              "_timeout": 2000
            },
            {
              "uuid": "9d7339eb-3cd1-4f83-807c-f72a4d9b7832",
              "title": "Refresh Token",
              "fullFile": "C:\\Course\\2.Express & PostgreSQL setup\\test\\test.js",
              "file": "\\test\\test.js",
              "beforeHooks": [],
              "afterHooks": [],
              "tests": [
                {
                  "title": "Error - Without refreshtoken",
                  "fullTitle": "Auth Refresh Token Error - Without refreshtoken",
                  "timedOut": false,
                  "duration": 50,
                  "state": "passed",
                  "speed": "medium",
                  "pass": true,
                  "fail": false,
                  "pending": false,
                  "context": null,
                  "code": "chai\n  .request(Server)\n  .post(\"/auth/refreshtoken\")\n  .set(\"content-type\", \"application/x-www-form-urlencoded\")\n  .end((err, res) => {\n    res.should.have.status(400);\n    done();\n  });",
                  "err": {},
                  "uuid": "29ff274f-df81-4f37-8a8d-ed0972d09054",
                  "parentUUID": "9d7339eb-3cd1-4f83-807c-f72a4d9b7832",
                  "isHook": false,
                  "skipped": false
                },
                {
                  "title": "Error - Invalid refreshtoken",
                  "fullTitle": "Auth Refresh Token Error - Invalid refreshtoken",
                  "timedOut": false,
                  "duration": 417,
                  "state": "passed",
                  "speed": "slow",
                  "pass": true,
                  "fail": false,
                  "pending": false,
                  "context": null,
                  "code": "chai\n  .request(Server)\n  .post(\"/auth/refreshtoken\")\n  .set(\"content-type\", \"application/x-www-form-urlencoded\")\n  .send({ refresh_token: \"refreshtoken \" })\n  .end((err, res) => {\n    res.should.have.status(403);\n    done();\n  });",
                  "err": {},
                  "uuid": "5a3507ee-0761-471d-9e42-ffe7ed957c64",
                  "parentUUID": "9d7339eb-3cd1-4f83-807c-f72a4d9b7832",
                  "isHook": false,
                  "skipped": false
                }
              ],
              "suites": [],
              "passes": [
                "29ff274f-df81-4f37-8a8d-ed0972d09054",
                "5a3507ee-0761-471d-9e42-ffe7ed957c64"
              ],
              "failures": [],
              "pending": [],
              "skipped": [],
              "duration": 467,
              "root": false,
              "rootEmpty": false,
              "_timeout": 2000
            }
          ],
          "passes": [],
          "failures": [],
          "pending": [],
          "skipped": [],
          "duration": 0,
          "root": false,
          "rootEmpty": false,
          "_timeout": 2000
        },
        {
          "uuid": "972fc887-4b18-4865-af2f-8d15defdf5f1",
          "title": "Services",
          "fullFile": "C:\\Course\\2.Express & PostgreSQL setup\\test\\test.js",
          "file": "\\test\\test.js",
          "beforeHooks": [],
          "afterHooks": [],
          "tests": [],
          "suites": [
            {
              "uuid": "9db56eba-6ea6-41b6-bcb2-48a7666dfa72",
              "title": "Get all Services",
              "fullFile": "C:\\Course\\2.Express & PostgreSQL setup\\test\\test.js",
              "file": "\\test\\test.js",
              "beforeHooks": [],
              "afterHooks": [],
              "tests": [
                {
                  "title": "Success - Get all services",
                  "fullTitle": "Services Get all Services Success - Get all services",
                  "timedOut": false,
                  "duration": 638,
                  "state": "passed",
                  "speed": "slow",
                  "pass": true,
                  "fail": false,
                  "pending": false,
                  "context": null,
                  "code": "chai\n  .request(Server)\n  .get(\"/service/getallservices\")\n  .end((err, res) => {\n    res.should.have.status(200);\n    res.body.data.should.be.an(\"array\");\n    done();\n  });",
                  "err": {},
                  "uuid": "b50cf1c7-a974-479a-b7a0-3e26437a63fb",
                  "parentUUID": "9db56eba-6ea6-41b6-bcb2-48a7666dfa72",
                  "isHook": false,
                  "skipped": false
                }
              ],
              "suites": [],
              "passes": [
                "b50cf1c7-a974-479a-b7a0-3e26437a63fb"
              ],
              "failures": [],
              "pending": [],
              "skipped": [],
              "duration": 638,
              "root": false,
              "rootEmpty": false,
              "_timeout": 2000
            },
            {
              "uuid": "bd3a741d-2504-448e-8eef-495c1868a951",
              "title": "Add a service",
              "fullFile": "C:\\Course\\2.Express & PostgreSQL setup\\test\\test.js",
              "file": "\\test\\test.js",
              "beforeHooks": [],
              "afterHooks": [],
              "tests": [
                {
                  "title": "Error - without name while adding a service",
                  "fullTitle": "Services Add a service Error - without name while adding a service",
                  "timedOut": false,
                  "duration": 51,
                  "state": "passed",
                  "speed": "medium",
                  "pass": true,
                  "fail": false,
                  "pending": false,
                  "context": null,
                  "code": "chai\n  .request(Server)\n  .post(\"/service/addaservice\")\n  .set(\"content-type\", \"application/x-www-form-urlencoded\")\n  .send({\n    description: faker.commerce.productDescription(),\n    image_url: faker.image.imageUrl(),\n  })\n  .end((err, res) => {\n    res.should.have.status(400);\n    done();\n  });",
                  "err": {},
                  "uuid": "0eee3558-222c-4ed9-91fa-7c7e01c21cee",
                  "parentUUID": "bd3a741d-2504-448e-8eef-495c1868a951",
                  "isHook": false,
                  "skipped": false
                },
                {
                  "title": "Error - without description while adding a service",
                  "fullTitle": "Services Add a service Error - without description while adding a service",
                  "timedOut": false,
                  "duration": 57,
                  "state": "passed",
                  "speed": "medium",
                  "pass": true,
                  "fail": false,
                  "pending": false,
                  "context": null,
                  "code": "chai\n  .request(Server)\n  .post(\"/service/addaservice\")\n  .set(\"content-type\", \"application/x-www-form-urlencoded\")\n  .send({\n    name: faker.internet.userName(),\n    image_url: faker.image.imageUrl(),\n  })\n  .end((err, res) => {\n    res.should.have.status(400);\n    done();\n  });",
                  "err": {},
                  "uuid": "23410744-b097-4603-87ef-2096fd0d66b1",
                  "parentUUID": "bd3a741d-2504-448e-8eef-495c1868a951",
                  "isHook": false,
                  "skipped": false
                },
                {
                  "title": "Error - without Image_url while adding a service",
                  "fullTitle": "Services Add a service Error - without Image_url while adding a service",
                  "timedOut": false,
                  "duration": 52,
                  "state": "passed",
                  "speed": "medium",
                  "pass": true,
                  "fail": false,
                  "pending": false,
                  "context": null,
                  "code": "chai\n  .request(Server)\n  .post(\"/service/addaservice\")\n  .set(\"content-type\", \"application/x-www-form-urlencoded\")\n  .send({\n    name: faker.internet.userName,\n    description: faker.commerce.productDescription,\n  })\n  .end((err, res) => {\n    res.should.have.status(400);\n    done();\n  });",
                  "err": {},
                  "uuid": "1b089f73-9c35-4928-95ff-8b467ce25f62",
                  "parentUUID": "bd3a741d-2504-448e-8eef-495c1868a951",
                  "isHook": false,
                  "skipped": false
                },
                {
                  "title": "Success - Adding a service",
                  "fullTitle": "Services Add a service Success - Adding a service",
                  "timedOut": false,
                  "duration": 470,
                  "state": "passed",
                  "speed": "slow",
                  "pass": true,
                  "fail": false,
                  "pending": false,
                  "context": null,
                  "code": "chai\n  .request(Server)\n  .post(\"/service/addaservice\")\n  .set(\"content-type\", \"application/x-www-form-urlencoded\")\n  .send({\n    name: faker.internet.userName(),\n    description: faker.commerce.productDescription(),\n    image_url: faker.image.imageUrl(),\n  })\n  .end((err, res) => {\n    res.should.have.status(200);\n    done();\n  });",
                  "err": {},
                  "uuid": "3542f18b-d6ee-42dc-8286-f85d26983ad5",
                  "parentUUID": "bd3a741d-2504-448e-8eef-495c1868a951",
                  "isHook": false,
                  "skipped": false
                }
              ],
              "suites": [],
              "passes": [
                "0eee3558-222c-4ed9-91fa-7c7e01c21cee",
                "23410744-b097-4603-87ef-2096fd0d66b1",
                "1b089f73-9c35-4928-95ff-8b467ce25f62",
                "3542f18b-d6ee-42dc-8286-f85d26983ad5"
              ],
              "failures": [],
              "pending": [],
              "skipped": [],
              "duration": 630,
              "root": false,
              "rootEmpty": false,
              "_timeout": 2000
            },
            {
              "uuid": "aa2a0bd1-6b34-484e-8e5e-1bb2b37d15d3",
              "title": "Edit a service",
              "fullFile": "C:\\Course\\2.Express & PostgreSQL setup\\test\\test.js",
              "file": "\\test\\test.js",
              "beforeHooks": [],
              "afterHooks": [],
              "tests": [
                {
                  "title": "Error - without name while updating a service",
                  "fullTitle": "Services Edit a service Error - without name while updating a service",
                  "timedOut": false,
                  "duration": 38,
                  "state": "passed",
                  "speed": "medium",
                  "pass": true,
                  "fail": false,
                  "pending": false,
                  "context": null,
                  "code": "chai\n  .request(Server)\n  .put(`/service/editaservice/${Math.round(Math.random() * 10)}`)\n  .set(\"content-type\", \"application/x-www-form-urlencoded\")\n  .send({\n    description: faker.commerce.productDescription(),\n    image_url: faker.image.imageUrl(),\n  })\n  .end((err, res) => {\n    res.should.have.status(400);\n    done();\n  });",
                  "err": {},
                  "uuid": "2925482b-e996-473f-bd77-6d656ed436ea",
                  "parentUUID": "aa2a0bd1-6b34-484e-8e5e-1bb2b37d15d3",
                  "isHook": false,
                  "skipped": false
                },
                {
                  "title": "Error - without description while updating a service",
                  "fullTitle": "Services Edit a service Error - without description while updating a service",
                  "timedOut": false,
                  "duration": 50,
                  "state": "passed",
                  "speed": "medium",
                  "pass": true,
                  "fail": false,
                  "pending": false,
                  "context": null,
                  "code": "chai\n  .request(Server)\n  .put(`/service/editaservice/${Math.round(Math.random() * 10)}`)\n  .set(\"content-type\", \"application/x-www-form-urlencoded\")\n  .send({\n    name: faker.internet.userName(),\n    image_url: faker.image.imageUrl(),\n  })\n  .end((err, res) => {\n    res.should.have.status(400);\n    done();\n  });",
                  "err": {},
                  "uuid": "b050231c-e017-4509-9b32-6fb3292a6c8a",
                  "parentUUID": "aa2a0bd1-6b34-484e-8e5e-1bb2b37d15d3",
                  "isHook": false,
                  "skipped": false
                },
                {
                  "title": "Error - without Image_url while updating a service",
                  "fullTitle": "Services Edit a service Error - without Image_url while updating a service",
                  "timedOut": false,
                  "duration": 54,
                  "state": "passed",
                  "speed": "medium",
                  "pass": true,
                  "fail": false,
                  "pending": false,
                  "context": null,
                  "code": "chai\n  .request(Server)\n  .put(`/service/editaservice/${Math.round(Math.random() * 10)}`)\n  .set(\"content-type\", \"application/x-www-form-urlencoded\")\n  .send({\n    name: faker.internet.userName(),\n    description: faker.commerce.productDescription(),\n  })\n  .end((err, res) => {\n    res.should.have.status(400);\n    done();\n  });",
                  "err": {},
                  "uuid": "0f5c2f0f-4295-4714-97ac-667edfb1f678",
                  "parentUUID": "aa2a0bd1-6b34-484e-8e5e-1bb2b37d15d3",
                  "isHook": false,
                  "skipped": false
                },
                {
                  "title": "Success - updating a service",
                  "fullTitle": "Services Edit a service Success - updating a service",
                  "timedOut": false,
                  "duration": 810,
                  "state": "passed",
                  "speed": "slow",
                  "pass": true,
                  "fail": false,
                  "pending": false,
                  "context": null,
                  "code": "models.services\n  .create({\n    name: faker.internet.userName(),\n    description: faker.commerce.productDescription(),\n    image_url: faker.image.imageUrl(),\n  })\n  .then((success) => {\n    const dataObj = success.get({ plain: true });\n    chai\n      .request(Server)\n      .put(`/service/editaservice/${dataObj.id}`)\n      .set(\"content-type\", \"application/x-www-form-urlencoded\")\n      .send({\n        name: faker.internet.userName(),\n        description: faker.commerce.productDescription(),\n        image_url: faker.image.imageUrl(),\n      })\n      .end((err, res) => {\n        res.should.have.status(200);\n        done();\n      });\n  })\n  .catch((err) => {\n    _353‍.g.console.error(err);\n  });",
                  "err": {},
                  "uuid": "3990c85e-93ce-4252-8966-49713c527714",
                  "parentUUID": "aa2a0bd1-6b34-484e-8e5e-1bb2b37d15d3",
                  "isHook": false,
                  "skipped": false
                }
              ],
              "suites": [],
              "passes": [
                "2925482b-e996-473f-bd77-6d656ed436ea",
                "b050231c-e017-4509-9b32-6fb3292a6c8a",
                "0f5c2f0f-4295-4714-97ac-667edfb1f678",
                "3990c85e-93ce-4252-8966-49713c527714"
              ],
              "failures": [],
              "pending": [],
              "skipped": [],
              "duration": 952,
              "root": false,
              "rootEmpty": false,
              "_timeout": 2000
            },
            {
              "uuid": "0ed5b5e9-09fc-4711-b223-76df50e5fcbf",
              "title": "Delete a service",
              "fullFile": "C:\\Course\\2.Express & PostgreSQL setup\\test\\test.js",
              "file": "\\test\\test.js",
              "beforeHooks": [],
              "afterHooks": [],
              "tests": [
                {
                  "title": "Error - Delete a services with random service",
                  "fullTitle": "Services Delete a service Error - Delete a services with random service",
                  "timedOut": false,
                  "duration": 334,
                  "state": "passed",
                  "speed": "slow",
                  "pass": true,
                  "fail": false,
                  "pending": false,
                  "context": null,
                  "code": "chai\n  .request(Server)\n  .delete(\"/service/deleteaservice/12345\")\n  .end((err, res) => {\n    res.should.have.status(404);\n    done();\n  });",
                  "err": {},
                  "uuid": "6f9fbf39-b9a3-48c8-91e7-d18e0313e250",
                  "parentUUID": "0ed5b5e9-09fc-4711-b223-76df50e5fcbf",
                  "isHook": false,
                  "skipped": false
                },
                {
                  "title": "Success - Delete a services ",
                  "fullTitle": "Services Delete a service Success - Delete a services ",
                  "timedOut": false,
                  "duration": 633,
                  "state": "passed",
                  "speed": "slow",
                  "pass": true,
                  "fail": false,
                  "pending": false,
                  "context": null,
                  "code": "models.services\n  .create({\n    name: faker.internet.userName(),\n    description: faker.commerce.productDescription(),\n    image_url: faker.image.imageUrl(),\n  })\n  .then((success) => {\n    const dataObj = success.get({ plain: true });\n    chai\n      .request(Server)\n      .delete(`/service/deleteaservice/${dataObj.id}`)\n      .end((err, res) => {\n        res.should.have.status(200);\n        done();\n      });\n  });",
                  "err": {},
                  "uuid": "831fc2d4-307c-4fe2-87bf-85208081409e",
                  "parentUUID": "0ed5b5e9-09fc-4711-b223-76df50e5fcbf",
                  "isHook": false,
                  "skipped": false
                }
              ],
              "suites": [],
              "passes": [
                "6f9fbf39-b9a3-48c8-91e7-d18e0313e250",
                "831fc2d4-307c-4fe2-87bf-85208081409e"
              ],
              "failures": [],
              "pending": [],
              "skipped": [],
              "duration": 967,
              "root": false,
              "rootEmpty": false,
              "_timeout": 2000
            },
            {
              "uuid": "1a29a8f4-ac3c-40d2-a40c-31cdc491dff7",
              "title": "Get a service based on id",
              "fullFile": "C:\\Course\\2.Express & PostgreSQL setup\\test\\test.js",
              "file": "\\test\\test.js",
              "beforeHooks": [],
              "afterHooks": [],
              "tests": [
                {
                  "title": "Error - Random number for getting service",
                  "fullTitle": "Services Get a service based on id Error - Random number for getting service",
                  "timedOut": false,
                  "duration": 324,
                  "state": "passed",
                  "speed": "slow",
                  "pass": true,
                  "fail": false,
                  "pending": false,
                  "context": null,
                  "code": "chai\n  .request(Server)\n  .delete(\"/service/deleteaservice/12345\")\n  .end((err, res) => {\n    res.should.have.status(404);\n    done();\n  });",
                  "err": {},
                  "uuid": "1c446c69-97d7-4a64-b2f4-8fa78391997b",
                  "parentUUID": "1a29a8f4-ac3c-40d2-a40c-31cdc491dff7",
                  "isHook": false,
                  "skipped": false
                },
                {
                  "title": "Error - Random number for getting service",
                  "fullTitle": "Services Get a service based on id Error - Random number for getting service",
                  "timedOut": false,
                  "duration": 598,
                  "state": "passed",
                  "speed": "slow",
                  "pass": true,
                  "fail": false,
                  "pending": false,
                  "context": null,
                  "code": "models.services\n  .create({\n    name: faker.internet.userName(),\n    description: faker.commerce.productDescription(),\n    image_url: faker.image.imageUrl(),\n  })\n  .then((success) => {\n    const dataObj = success.get({ plain: true });\n    chai\n      .request(Server)\n      .get(`/service/getservicebyid/${dataObj.id}`)\n      .end((err, res) => {\n        res.should.have.status(200);\n        done();\n      });\n  });",
                  "err": {},
                  "uuid": "14c83a50-f302-46d7-a2af-b1f5301439b5",
                  "parentUUID": "1a29a8f4-ac3c-40d2-a40c-31cdc491dff7",
                  "isHook": false,
                  "skipped": false
                }
              ],
              "suites": [],
              "passes": [
                "1c446c69-97d7-4a64-b2f4-8fa78391997b",
                "14c83a50-f302-46d7-a2af-b1f5301439b5"
              ],
              "failures": [],
              "pending": [],
              "skipped": [],
              "duration": 922,
              "root": false,
              "rootEmpty": false,
              "_timeout": 2000
            },
            {
              "uuid": "14b87f00-eed9-4851-8f75-9c2e152b580b",
              "title": "Clear Testing datas",
              "fullFile": "C:\\Course\\2.Express & PostgreSQL setup\\test\\test.js",
              "file": "\\test\\test.js",
              "beforeHooks": [],
              "afterHooks": [],
              "tests": [
                {
                  "title": "Clear PostgreSQL services",
                  "fullTitle": "Services Clear Testing datas Clear PostgreSQL services",
                  "timedOut": false,
                  "duration": 302,
                  "state": "passed",
                  "speed": "slow",
                  "pass": true,
                  "fail": false,
                  "pending": false,
                  "context": null,
                  "code": "models.services.destroy({ where: {}, truncate: true }).then((res) => {\n  done();\n});",
                  "err": {},
                  "uuid": "6bd809e5-2cd3-404e-ae16-de980f793303",
                  "parentUUID": "14b87f00-eed9-4851-8f75-9c2e152b580b",
                  "isHook": false,
                  "skipped": false
                }
              ],
              "suites": [],
              "passes": [
                "6bd809e5-2cd3-404e-ae16-de980f793303"
              ],
              "failures": [],
              "pending": [],
              "skipped": [],
              "duration": 302,
              "root": false,
              "rootEmpty": false,
              "_timeout": 2000
            }
          ],
          "passes": [],
          "failures": [],
          "pending": [],
          "skipped": [],
          "duration": 0,
          "root": false,
          "rootEmpty": false,
          "_timeout": 2000
        }
      ],
      "passes": [],
      "failures": [],
      "pending": [],
      "skipped": [],
      "duration": 0,
      "root": true,
      "rootEmpty": true,
      "_timeout": 2000
    }
  ],
  "meta": {
    "mocha": {
      "version": "8.2.1"
    },
    "mochawesome": {
      "options": {
        "quiet": false,
        "reportFilename": "mochawesome",
        "saveHtml": true,
        "saveJson": true,
        "consoleReporter": "spec",
        "useInlineDiffs": false,
        "code": true
      },
      "version": "6.2.1"
    },
    "marge": {
      "options": null,
      "version": "5.1.0"
    }
  }
}